Analysis & Synthesis report for top
Tue Jan 14 21:41:56 2020
Quartus II 64-Bit Version 13.0.1 Build 232 06/12/2013 Service Pack 1 SJ Full Version


---------------------
; Table of Contents ;
---------------------
  1. Legal Notice
  2. Analysis & Synthesis Summary
  3. Analysis & Synthesis Settings
  4. Parallel Compilation
  5. Analysis & Synthesis Source Files Read
  6. Analysis & Synthesis Resource Usage Summary
  7. Analysis & Synthesis Resource Utilization by Entity
  8. Registers Removed During Synthesis
  9. Removed Registers Triggering Further Register Optimizations
 10. General Register Statistics
 11. Inverted Register Statistics
 12. Multiplexer Restructuring Statistics (Restructuring Performed)
 13. Parameter Settings for User Entity Instance: uart_rx:rx
 14. Parameter Settings for User Entity Instance: uart_tx:tx
 15. Elapsed Time Per Partition
 16. Analysis & Synthesis Messages



----------------
; Legal Notice ;
----------------
Copyright (C) 1991-2013 Altera Corporation
Your use of Altera Corporation's design tools, logic functions 
and other software and tools, and its AMPP partner logic 
functions, and any output files from any of the foregoing 
(including device programming or simulation files), and any 
associated documentation or information are expressly subject 
to the terms and conditions of the Altera Program License 
Subscription Agreement, Altera MegaCore Function License 
Agreement, or other applicable license agreement, including, 
without limitation, that your use is for the sole purpose of 
programming logic devices manufactured by Altera and sold by 
Altera or its authorized distributors.  Please refer to the 
applicable agreement for further details.



+---------------------------------------------------------------------------------------+
; Analysis & Synthesis Summary                                                          ;
+------------------------------------+--------------------------------------------------+
; Analysis & Synthesis Status        ; Successful - Tue Jan 14 21:41:56 2020            ;
; Quartus II 64-Bit Version          ; 13.0.1 Build 232 06/12/2013 SP 1 SJ Full Version ;
; Revision Name                      ; top                                              ;
; Top-level Entity Name              ; top                                              ;
; Family                             ; Cyclone II                                       ;
; Total logic elements               ; 226                                              ;
;     Total combinational functions  ; 217                                              ;
;     Dedicated logic registers      ; 104                                              ;
; Total registers                    ; 104                                              ;
; Total pins                         ; 25                                               ;
; Total virtual pins                 ; 0                                                ;
; Total memory bits                  ; 0                                                ;
; Embedded Multiplier 9-bit elements ; 0                                                ;
; Total PLLs                         ; 0                                                ;
+------------------------------------+--------------------------------------------------+


+----------------------------------------------------------------------------------------------------------------------+
; Analysis & Synthesis Settings                                                                                        ;
+----------------------------------------------------------------------------+--------------------+--------------------+
; Option                                                                     ; Setting            ; Default Value      ;
+----------------------------------------------------------------------------+--------------------+--------------------+
; Device                                                                     ; EP2C50F672C8       ;                    ;
; Top-level entity name                                                      ; top                ; top                ;
; Family name                                                                ; Cyclone II         ; Cyclone IV GX      ;
; Use smart compilation                                                      ; Off                ; Off                ;
; Enable parallel Assembler and TimeQuest Timing Analyzer during compilation ; On                 ; On                 ;
; Enable compact report table                                                ; Off                ; Off                ;
; Restructure Multiplexers                                                   ; Auto               ; Auto               ;
; Create Debugging Nodes for IP Cores                                        ; Off                ; Off                ;
; Preserve fewer node names                                                  ; On                 ; On                 ;
; Disable OpenCore Plus hardware evaluation                                  ; Off                ; Off                ;
; Verilog Version                                                            ; Verilog_2001       ; Verilog_2001       ;
; VHDL Version                                                               ; VHDL_1993          ; VHDL_1993          ;
; State Machine Processing                                                   ; Auto               ; Auto               ;
; Safe State Machine                                                         ; Off                ; Off                ;
; Extract Verilog State Machines                                             ; On                 ; On                 ;
; Extract VHDL State Machines                                                ; On                 ; On                 ;
; Ignore Verilog initial constructs                                          ; Off                ; Off                ;
; Iteration limit for constant Verilog loops                                 ; 5000               ; 5000               ;
; Iteration limit for non-constant Verilog loops                             ; 250                ; 250                ;
; Add Pass-Through Logic to Inferred RAMs                                    ; On                 ; On                 ;
; Infer RAMs from Raw Logic                                                  ; On                 ; On                 ;
; Parallel Synthesis                                                         ; On                 ; On                 ;
; DSP Block Balancing                                                        ; Auto               ; Auto               ;
; NOT Gate Push-Back                                                         ; On                 ; On                 ;
; Power-Up Don't Care                                                        ; On                 ; On                 ;
; Remove Redundant Logic Cells                                               ; Off                ; Off                ;
; Remove Duplicate Registers                                                 ; On                 ; On                 ;
; Ignore CARRY Buffers                                                       ; Off                ; Off                ;
; Ignore CASCADE Buffers                                                     ; Off                ; Off                ;
; Ignore GLOBAL Buffers                                                      ; Off                ; Off                ;
; Ignore ROW GLOBAL Buffers                                                  ; Off                ; Off                ;
; Ignore LCELL Buffers                                                       ; Off                ; Off                ;
; Ignore SOFT Buffers                                                        ; On                 ; On                 ;
; Limit AHDL Integers to 32 Bits                                             ; Off                ; Off                ;
; Optimization Technique                                                     ; Balanced           ; Balanced           ;
; Carry Chain Length                                                         ; 70                 ; 70                 ;
; Auto Carry Chains                                                          ; On                 ; On                 ;
; Auto Open-Drain Pins                                                       ; On                 ; On                 ;
; Perform WYSIWYG Primitive Resynthesis                                      ; Off                ; Off                ;
; Auto ROM Replacement                                                       ; On                 ; On                 ;
; Auto RAM Replacement                                                       ; On                 ; On                 ;
; Auto Shift Register Replacement                                            ; Auto               ; Auto               ;
; Allow Shift Register Merging across Hierarchies                            ; Auto               ; Auto               ;
; Auto Clock Enable Replacement                                              ; On                 ; On                 ;
; Strict RAM Replacement                                                     ; Off                ; Off                ;
; Allow Synchronous Control Signals                                          ; On                 ; On                 ;
; Force Use of Synchronous Clear Signals                                     ; Off                ; Off                ;
; Auto RAM to Logic Cell Conversion                                          ; Off                ; Off                ;
; Auto Resource Sharing                                                      ; Off                ; Off                ;
; Allow Any RAM Size For Recognition                                         ; Off                ; Off                ;
; Allow Any ROM Size For Recognition                                         ; Off                ; Off                ;
; Allow Any Shift Register Size For Recognition                              ; Off                ; Off                ;
; Use LogicLock Constraints during Resource Balancing                        ; On                 ; On                 ;
; Ignore translate_off and synthesis_off directives                          ; Off                ; Off                ;
; Timing-Driven Synthesis                                                    ; Off                ; Off                ;
; Report Parameter Settings                                                  ; On                 ; On                 ;
; Report Source Assignments                                                  ; On                 ; On                 ;
; Report Connectivity Checks                                                 ; On                 ; On                 ;
; Ignore Maximum Fan-Out Assignments                                         ; Off                ; Off                ;
; Synchronization Register Chain Length                                      ; 2                  ; 2                  ;
; PowerPlay Power Optimization                                               ; Normal compilation ; Normal compilation ;
; HDL message level                                                          ; Level2             ; Level2             ;
; Suppress Register Optimization Related Messages                            ; Off                ; Off                ;
; Number of Removed Registers Reported in Synthesis Report                   ; 5000               ; 5000               ;
; Number of Swept Nodes Reported in Synthesis Report                         ; 5000               ; 5000               ;
; Number of Inverted Registers Reported in Synthesis Report                  ; 100                ; 100                ;
; Clock MUX Protection                                                       ; On                 ; On                 ;
; Auto Gated Clock Conversion                                                ; Off                ; Off                ;
; Block Design Naming                                                        ; Auto               ; Auto               ;
; SDC constraint protection                                                  ; Off                ; Off                ;
; Synthesis Effort                                                           ; Auto               ; Auto               ;
; Shift Register Replacement - Allow Asynchronous Clear Signal               ; On                 ; On                 ;
; Pre-Mapping Resynthesis Optimization                                       ; Off                ; Off                ;
; Analysis & Synthesis Message Level                                         ; Medium             ; Medium             ;
; Disable Register Merging Across Hierarchies                                ; Auto               ; Auto               ;
; Resource Aware Inference For Block RAM                                     ; On                 ; On                 ;
; Synthesis Seed                                                             ; 1                  ; 1                  ;
+----------------------------------------------------------------------------+--------------------+--------------------+


+------------------------------------------+
; Parallel Compilation                     ;
+----------------------------+-------------+
; Processors                 ; Number      ;
+----------------------------+-------------+
; Number detected on machine ; 32          ;
; Maximum allowed            ; 16          ;
;                            ;             ;
; Average used               ; 1.00        ;
; Maximum used               ; 1           ;
;                            ;             ;
; Usage by Processor         ; % Time Used ;
;     Processor 1            ; 100.0%      ;
;     Processors 2-32        ;   0.0%      ;
+----------------------------+-------------+


+----------------------------------------------------------------------------------------------------------------------------------------------------------------+
; Analysis & Synthesis Source Files Read                                                                                                                         ;
+----------------------------------+-----------------+------------------------------+------------------------------------------------------------------+---------+
; File Name with User-Entered Path ; Used in Netlist ; File Type                    ; File Name with Absolute Path                                     ; Library ;
+----------------------------------+-----------------+------------------------------+------------------------------------------------------------------+---------+
; ../rtl/uart_tx.sv                ; yes             ; User SystemVerilog HDL File  ; /home/codetector/projects/tl69/uart_ihex/rtl/uart_tx.sv          ;         ;
; ../rtl/uart_rx.sv                ; yes             ; User SystemVerilog HDL File  ; /home/codetector/projects/tl69/uart_ihex/rtl/uart_rx.sv          ;         ;
; ../rtl/top.sv                    ; yes             ; User SystemVerilog HDL File  ; /home/codetector/projects/tl69/uart_ihex/rtl/top.sv              ;         ;
; ../rtl/sevenSegmentDisp.sv       ; yes             ; User SystemVerilog HDL File  ; /home/codetector/projects/tl69/uart_ihex/rtl/sevenSegmentDisp.sv ;         ;
; ../rtl/ihex.sv                   ; yes             ; User SystemVerilog HDL File  ; /home/codetector/projects/tl69/uart_ihex/rtl/ihex.sv             ;         ;
+----------------------------------+-----------------+------------------------------+------------------------------------------------------------------+---------+


+-----------------------------------------------------+
; Analysis & Synthesis Resource Usage Summary         ;
+---------------------------------------------+-------+
; Resource                                    ; Usage ;
+---------------------------------------------+-------+
; Estimated Total logic elements              ; 226   ;
;                                             ;       ;
; Total combinational functions               ; 217   ;
; Logic element usage by number of LUT inputs ;       ;
;     -- 4 input functions                    ; 93    ;
;     -- 3 input functions                    ; 32    ;
;     -- <=2 input functions                  ; 92    ;
;                                             ;       ;
; Logic elements by mode                      ;       ;
;     -- normal mode                          ; 140   ;
;     -- arithmetic mode                      ; 77    ;
;                                             ;       ;
; Total registers                             ; 104   ;
;     -- Dedicated logic registers            ; 104   ;
;     -- I/O registers                        ; 0     ;
;                                             ;       ;
; I/O pins                                    ; 25    ;
; Embedded Multiplier 9-bit elements          ; 0     ;
; Maximum fan-out node                        ; i_clk ;
; Maximum fan-out                             ; 104   ;
; Total fan-out                               ; 982   ;
; Average fan-out                             ; 2.84  ;
+---------------------------------------------+-------+


+------------------------------------------------------------------------------------------------------------------------------------------------------------------------------------+
; Analysis & Synthesis Resource Utilization by Entity                                                                                                                                ;
+----------------------------+-------------------+--------------+-------------+--------------+---------+-----------+------+--------------+----------------------------+--------------+
; Compilation Hierarchy Node ; LC Combinationals ; LC Registers ; Memory Bits ; DSP Elements ; DSP 9x9 ; DSP 18x18 ; Pins ; Virtual Pins ; Full Hierarchy Name        ; Library Name ;
+----------------------------+-------------------+--------------+-------------+--------------+---------+-----------+------+--------------+----------------------------+--------------+
; |top                       ; 217 (0)           ; 104 (0)      ; 0           ; 0            ; 0       ; 0         ; 25   ; 0            ; |top                       ; work         ;
;    |ihex:hex|              ; 84 (84)           ; 21 (21)      ; 0           ; 0            ; 0       ; 0         ; 0    ; 0            ; |top|ihex:hex              ; work         ;
;    |sevenSegmentDisp:seg2| ; 7 (7)             ; 0 (0)        ; 0           ; 0            ; 0       ; 0         ; 0    ; 0            ; |top|sevenSegmentDisp:seg2 ; work         ;
;    |uart_rx:rx|            ; 69 (69)           ; 47 (47)      ; 0           ; 0            ; 0       ; 0         ; 0    ; 0            ; |top|uart_rx:rx            ; work         ;
;    |uart_tx:tx|            ; 57 (57)           ; 36 (36)      ; 0           ; 0            ; 0       ; 0         ; 0    ; 0            ; |top|uart_tx:tx            ; work         ;
+----------------------------+-------------------+--------------+-------------+--------------+---------+-----------+------+--------------+----------------------------+--------------+
Note: For table entries with two numbers listed, the numbers in parentheses indicate the number of resources of the given type used by the specific entity alone. The numbers listed outside of parentheses indicate the total resources of the given type used by the specific entity and all of its sub-entities in the hierarchy.


+---------------------------------------------------------------------------------+
; Registers Removed During Synthesis                                              ;
+----------------------------------------+----------------------------------------+
; Register name                          ; Reason for Removal                     ;
+----------------------------------------+----------------------------------------+
; ihex:hex|addr[4..7,12..15]             ; Lost fanout                            ;
; ihex:hex|o_tx_data[0..7]               ; Lost fanout                            ;
; ihex:hex|cmd[4..7]                     ; Lost fanout                            ;
; ihex:hex|computed_sum[0..7]            ; Lost fanout                            ;
; uart_tx:tx|data[0..5,7]                ; Merged with uart_tx:tx|data[6]         ;
; uart_tx:tx|data[6]                     ; Stuck at GND due to stuck port data_in ;
; Total Number of Removed Registers = 36 ;                                        ;
+----------------------------------------+----------------------------------------+


+-------------------------------------------------------------------------------------+
; Removed Registers Triggering Further Register Optimizations                         ;
+-----------------------+--------------------+----------------------------------------+
; Register name         ; Reason for Removal ; Registers Removed due to This Register ;
+-----------------------+--------------------+----------------------------------------+
; ihex:hex|o_tx_data[7] ; Lost Fanouts       ; ihex:hex|computed_sum[7]               ;
+-----------------------+--------------------+----------------------------------------+


+------------------------------------------------------+
; General Register Statistics                          ;
+----------------------------------------------+-------+
; Statistic                                    ; Value ;
+----------------------------------------------+-------+
; Total registers                              ; 104   ;
; Number of registers using Synchronous Clear  ; 32    ;
; Number of registers using Synchronous Load   ; 0     ;
; Number of registers using Asynchronous Clear ; 0     ;
; Number of registers using Asynchronous Load  ; 0     ;
; Number of registers using Clock Enable       ; 88    ;
; Number of registers using Preset             ; 0     ;
+----------------------------------------------+-------+


+--------------------------------------------------+
; Inverted Register Statistics                     ;
+----------------------------------------+---------+
; Inverted Register                      ; Fan out ;
+----------------------------------------+---------+
; uart_rx:rx|internal_state[1]           ; 9       ;
; uart_rx:rx|i_rx_prev                   ; 3       ;
; uart_rx:rx|i_rx_db                     ; 5       ;
; uart_rx:rx|i_rx_int                    ; 1       ;
; Total number of inverted registers = 4 ;         ;
+----------------------------------------+---------+


+-------------------------------------------------------------------------------------------------------------------------------------------------+
; Multiplexer Restructuring Statistics (Restructuring Performed)                                                                                  ;
+--------------------+-----------+---------------+----------------------+------------------------+------------+-----------------------------------+
; Multiplexer Inputs ; Bus Width ; Baseline Area ; Area if Restructured ; Saving if Restructured ; Registered ; Example Multiplexer Output        ;
+--------------------+-----------+---------------+----------------------+------------------------+------------+-----------------------------------+
; 3:1                ; 4 bits    ; 8 LEs         ; 4 LEs                ; 4 LEs                  ; Yes        ; |top|uart_tx:tx|state[1]          ;
; 3:1                ; 4 bits    ; 8 LEs         ; 4 LEs                ; 4 LEs                  ; Yes        ; |top|ihex:hex|len[0]              ;
; 6:1                ; 32 bits   ; 128 LEs       ; 32 LEs               ; 96 LEs                 ; Yes        ; |top|uart_rx:rx|clk_counter[28]   ;
; 7:1                ; 3 bits    ; 12 LEs        ; 6 LEs                ; 6 LEs                  ; Yes        ; |top|uart_rx:rx|internal_state[2] ;
; 11:1               ; 8 bits    ; 56 LEs        ; 8 LEs                ; 48 LEs                 ; Yes        ; |top|ihex:hex|buffer_fill[2]      ;
; 23:1               ; 3 bits    ; 45 LEs        ; 33 LEs               ; 12 LEs                 ; Yes        ; |top|ihex:hex|state[3]            ;
+--------------------+-----------+---------------+----------------------+------------------------+------------+-----------------------------------+


+---------------------------------------------------------+
; Parameter Settings for User Entity Instance: uart_rx:rx ;
+----------------+----------+-----------------------------+
; Parameter Name ; Value    ; Type                        ;
+----------------+----------+-----------------------------+
; CLK_SPEED      ; 50000000 ; Signed Integer              ;
; BAUD           ; 115200   ; Signed Integer              ;
+----------------+----------+-----------------------------+
Note: In order to hide this table in the UI and the text report file, please set the "Show Parameter Settings in Synthesis Report" option in "Analysis and Synthesis Settings -> More Settings" to "Off".


+---------------------------------------------------------+
; Parameter Settings for User Entity Instance: uart_tx:tx ;
+----------------+----------+-----------------------------+
; Parameter Name ; Value    ; Type                        ;
+----------------+----------+-----------------------------+
; CLK_SPEED      ; 50000000 ; Signed Integer              ;
; BAUD           ; 115200   ; Signed Integer              ;
+----------------+----------+-----------------------------+
Note: In order to hide this table in the UI and the text report file, please set the "Show Parameter Settings in Synthesis Report" option in "Analysis and Synthesis Settings -> More Settings" to "Off".


+-------------------------------+
; Elapsed Time Per Partition    ;
+----------------+--------------+
; Partition Name ; Elapsed Time ;
+----------------+--------------+
; Top            ; 00:00:00     ;
+----------------+--------------+


+-------------------------------+
; Analysis & Synthesis Messages ;
+-------------------------------+
Info: *******************************************************************
Info: Running Quartus II 64-Bit Analysis & Synthesis
    Info: Version 13.0.1 Build 232 06/12/2013 Service Pack 1 SJ Full Version
    Info: Processing started: Tue Jan 14 21:41:55 2020
Info: Command: quartus_map --read_settings_files=on --write_settings_files=off ihex -c top
Info (20030): Parallel compilation is enabled and will use 16 of the 32 processors detected
Info (12021): Found 1 design units, including 1 entities, in source file /home/codetector/projects/tl69/uart_ihex/rtl/uart_tx.sv
    Info (12023): Found entity 1: uart_tx
Info (12021): Found 1 design units, including 1 entities, in source file /home/codetector/projects/tl69/uart_ihex/rtl/uart_rx.sv
    Info (12023): Found entity 1: uart_rx
Info (12021): Found 1 design units, including 1 entities, in source file /home/codetector/projects/tl69/uart_ihex/rtl/top.sv
    Info (12023): Found entity 1: top
Info (12021): Found 1 design units, including 1 entities, in source file /home/codetector/projects/tl69/uart_ihex/rtl/sevenSegmentDisp.sv
    Info (12023): Found entity 1: sevenSegmentDisp
Info (12021): Found 1 design units, including 1 entities, in source file /home/codetector/projects/tl69/uart_ihex/rtl/ihex.sv
    Info (12023): Found entity 1: ihex
Info (12127): Elaborating entity "top" for the top level hierarchy
Warning (10036): Verilog HDL or VHDL warning at top.sv(13): object "buffer" assigned a value but never read
Warning (10034): Output port "o_sseg[0..1]" at top.sv(1) has no driver
Info (12128): Elaborating entity "uart_rx" for hierarchy "uart_rx:rx"
Warning (10230): Verilog HDL assignment warning at uart_rx.sv(39): truncated value with size 32 to match size of target (4)
Warning (10230): Verilog HDL assignment warning at uart_rx.sv(55): truncated value with size 32 to match size of target (4)
Warning (10230): Verilog HDL assignment warning at uart_rx.sv(63): truncated value with size 32 to match size of target (4)
Warning (10230): Verilog HDL assignment warning at uart_rx.sv(72): truncated value with size 32 to match size of target (4)
Warning (10230): Verilog HDL assignment warning at uart_rx.sv(74): truncated value with size 32 to match size of target (4)
Info (12128): Elaborating entity "uart_tx" for hierarchy "uart_tx:tx"
Warning (10230): Verilog HDL assignment warning at uart_tx.sv(52): truncated value with size 32 to match size of target (4)
Warning (10230): Verilog HDL assignment warning at uart_tx.sv(60): truncated value with size 32 to match size of target (4)
Warning (10230): Verilog HDL assignment warning at uart_tx.sv(62): truncated value with size 32 to match size of target (4)
Info (12128): Elaborating entity "ihex" for hierarchy "ihex:hex"
Warning (10230): Verilog HDL assignment warning at ihex.sv(53): truncated value with size 32 to match size of target (4)
Warning (10230): Verilog HDL assignment warning at ihex.sv(71): truncated value with size 32 to match size of target (4)
Warning (10272): Verilog HDL Case Statement warning at ihex.sv(30): case item expression covers a value already covered by a previous case item
Warning (10230): Verilog HDL assignment warning at ihex.sv(75): truncated value with size 32 to match size of target (4)
Warning (10230): Verilog HDL assignment warning at ihex.sv(82): truncated value with size 32 to match size of target (4)
Warning (10230): Verilog HDL assignment warning at ihex.sv(84): truncated value with size 32 to match size of target (4)
Warning (10230): Verilog HDL assignment warning at ihex.sv(87): truncated value with size 32 to match size of target (4)
Warning (10230): Verilog HDL assignment warning at ihex.sv(91): truncated value with size 32 to match size of target (4)
Warning (10230): Verilog HDL assignment warning at ihex.sv(94): truncated value with size 32 to match size of target (4)
Warning (10230): Verilog HDL assignment warning at ihex.sv(98): truncated value with size 32 to match size of target (4)
Warning (10230): Verilog HDL assignment warning at ihex.sv(101): truncated value with size 32 to match size of target (4)
Warning (10230): Verilog HDL assignment warning at ihex.sv(105): truncated value with size 32 to match size of target (4)
Warning (10230): Verilog HDL assignment warning at ihex.sv(112): truncated value with size 32 to match size of target (8)
Warning (10230): Verilog HDL assignment warning at ihex.sv(114): truncated value with size 32 to match size of target (4)
Warning (10230): Verilog HDL assignment warning at ihex.sv(121): truncated value with size 32 to match size of target (4)
Warning (10230): Verilog HDL assignment warning at ihex.sv(124): truncated value with size 32 to match size of target (4)
Warning (10230): Verilog HDL assignment warning at ihex.sv(130): truncated value with size 32 to match size of target (4)
Warning (10230): Verilog HDL assignment warning at ihex.sv(134): truncated value with size 32 to match size of target (4)
Warning (10230): Verilog HDL assignment warning at ihex.sv(137): truncated value with size 32 to match size of target (4)
Warning (10034): Output port "o_tx_stb" at ihex.sv(13) has no driver
Info (12128): Elaborating entity "sevenSegmentDisp" for hierarchy "sevenSegmentDisp:seg2"
Warning (13024): Output pins are stuck at VCC or GND
    Warning (13410): Pin "o_sseg[1][0]" is stuck at GND
    Warning (13410): Pin "o_sseg[1][1]" is stuck at GND
    Warning (13410): Pin "o_sseg[1][2]" is stuck at GND
    Warning (13410): Pin "o_sseg[1][3]" is stuck at GND
    Warning (13410): Pin "o_sseg[1][4]" is stuck at GND
    Warning (13410): Pin "o_sseg[1][5]" is stuck at GND
    Warning (13410): Pin "o_sseg[1][6]" is stuck at GND
    Warning (13410): Pin "o_sseg[0][0]" is stuck at GND
    Warning (13410): Pin "o_sseg[0][1]" is stuck at GND
    Warning (13410): Pin "o_sseg[0][2]" is stuck at GND
    Warning (13410): Pin "o_sseg[0][3]" is stuck at GND
    Warning (13410): Pin "o_sseg[0][4]" is stuck at GND
    Warning (13410): Pin "o_sseg[0][5]" is stuck at GND
    Warning (13410): Pin "o_sseg[0][6]" is stuck at GND
Info (17049): 28 registers lost all their fanouts during netlist optimizations.
Info (16010): Generating hard_block partition "hard_block:auto_generated_inst"
    Info (16011): Adding 0 node(s), including 0 DDIO, 0 PLL, 0 transceiver and 0 LCELL
Info (21057): Implemented 255 device resources after synthesis - the final resource count might be different
    Info (21058): Implemented 3 input pins
    Info (21059): Implemented 22 output pins
    Info (21061): Implemented 230 logic cells
Info: Quartus II 64-Bit Analysis & Synthesis was successful. 0 errors, 45 warnings
    Info: Peak virtual memory: 608 megabytes
    Info: Processing ended: Tue Jan 14 21:41:56 2020
    Info: Elapsed time: 00:00:01
    Info: Total CPU time (on all processors): 00:00:01


