Flow report for top
Tue Jan 14 22:15:28 2020
Quartus II 64-Bit Version 13.0.1 Build 232 06/12/2013 Service Pack 1 SJ Full Version


---------------------
; Table of Contents ;
---------------------
  1. Legal Notice
  2. Flow Summary
  3. Flow Settings
  4. Flow Non-Default Global Settings
  5. Flow Elapsed Time
  6. Flow OS Summary
  7. Flow Log
  8. Flow Messages
  9. Flow Suppressed Messages



----------------
; Legal Notice ;
----------------
Copyright (C) 1991-2013 Altera Corporation
Your use of Altera Corporation's design tools, logic functions 
and other software and tools, and its AMPP partner logic 
functions, and any output files from any of the foregoing 
(including device programming or simulation files), and any 
associated documentation or information are expressly subject 
to the terms and conditions of the Altera Program License 
Subscription Agreement, Altera MegaCore Function License 
Agreement, or other applicable license agreement, including, 
without limitation, that your use is for the sole purpose of 
programming logic devices manufactured by Altera and sold by 
Altera or its authorized distributors.  Please refer to the 
applicable agreement for further details.



+---------------------------------------------------------------------------------------+
; Flow Summary                                                                          ;
+------------------------------------+--------------------------------------------------+
; Flow Status                        ; Successful - Tue Jan 14 22:15:03 2020            ;
; Quartus II 64-Bit Version          ; 13.0.1 Build 232 06/12/2013 SP 1 SJ Full Version ;
; Revision Name                      ; top                                              ;
; Top-level Entity Name              ; top                                              ;
; Family                             ; Cyclone II                                       ;
; Device                             ; EP2C35F672C8                                     ;
; Timing Models                      ; Final                                            ;
; Total logic elements               ; 1,867 / 33,216 ( 6 % )                           ;
;     Total combinational functions  ; 1,305 / 33,216 ( 4 % )                           ;
;     Dedicated logic registers      ; 1,158 / 33,216 ( 3 % )                           ;
; Total registers                    ; 1158                                             ;
; Total pins                         ; 25 / 475 ( 5 % )                                 ;
; Total virtual pins                 ; 0                                                ;
; Total memory bits                  ; 0 / 483,840 ( 0 % )                              ;
; Embedded Multiplier 9-bit elements ; 0 / 70 ( 0 % )                                   ;
; Total PLLs                         ; 0 / 4 ( 0 % )                                    ;
+------------------------------------+--------------------------------------------------+


+-----------------------------------------+
; Flow Settings                           ;
+-------------------+---------------------+
; Option            ; Setting             ;
+-------------------+---------------------+
; Start date & time ; 01/14/2020 22:13:55 ;
; Main task         ; Compilation         ;
; Revision Name     ; top                 ;
+-------------------+---------------------+


+------------------------------------------------------------------------------------------------------------------------+
; Flow Non-Default Global Settings                                                                                       ;
+-------------------------------------+---------------------------------------+---------------+-------------+------------+
; Assignment Name                     ; Value                                 ; Default Value ; Entity Name ; Section Id ;
+-------------------------------------+---------------------------------------+---------------+-------------+------------+
; COMPILER_SIGNATURE_ID               ; 0.157905803428937                     ; --            ; --          ; --         ;
; MAX_CORE_JUNCTION_TEMP              ; 85                                    ; --            ; --          ; --         ;
; MIN_CORE_JUNCTION_TEMP              ; 0                                     ; --            ; --          ; --         ;
; NUM_PARALLEL_PROCESSORS             ; All                                   ; --            ; --          ; --         ;
; PARTITION_COLOR                     ; 16764057                              ; --            ; --          ; Top        ;
; PARTITION_FITTER_PRESERVATION_LEVEL ; PLACEMENT_AND_ROUTING                 ; --            ; --          ; Top        ;
; PARTITION_NETLIST_TYPE              ; SOURCE                                ; --            ; --          ; Top        ;
; PHYSICAL_SYNTHESIS_EFFORT           ; Fast                                  ; Normal        ; --          ; --         ;
; POWER_BOARD_THERMAL_MODEL           ; None (CONSERVATIVE)                   ; --            ; --          ; --         ;
; POWER_PRESET_COOLING_SOLUTION       ; 23 MM HEAT SINK WITH 200 LFPM AIRFLOW ; --            ; --          ; --         ;
; SMART_RECOMPILE                     ; On                                    ; Off           ; --          ; --         ;
+-------------------------------------+---------------------------------------+---------------+-------------+------------+


+-------------------------------------------------------------------------------------------------------------------------------+
; Flow Elapsed Time                                                                                                             ;
+---------------------------+--------------+-------------------------+---------------------+------------------------------------+
; Module Name               ; Elapsed Time ; Average Processors Used ; Peak Virtual Memory ; Total CPU Time (on all processors) ;
+---------------------------+--------------+-------------------------+---------------------+------------------------------------+
; Analysis & Synthesis      ; 00:00:04     ; 1.0                     ; 562 MB              ; 00:00:04                           ;
; Fitter                    ; 00:00:15     ; 2.6                     ; 1078 MB             ; 00:00:25                           ;
; Assembler                 ; 00:00:01     ; 1.0                     ; 560 MB              ; 00:00:02                           ;
; TimeQuest Timing Analyzer ; 00:00:02     ; 1.0                     ; 597 MB              ; 00:00:01                           ;
; Total                     ; 00:00:22     ; --                      ; --                  ; 00:00:32                           ;
+---------------------------+--------------+-------------------------+---------------------+------------------------------------+


+-----------------------------------------------------------------------------------------------+
; Flow OS Summary                                                                               ;
+---------------------------+------------------+---------------+---------------+----------------+
; Module Name               ; Machine Hostname ; OS Name       ; OS Version    ; Processor type ;
+---------------------------+------------------+---------------+---------------+----------------+
; Analysis & Synthesis      ; z170-desktop     ; Manjaro Linux ; Manjaro Linux ; x86_64         ;
; Fitter                    ; z170-desktop     ; Manjaro Linux ; Manjaro Linux ; x86_64         ;
; Assembler                 ; z170-desktop     ; Manjaro Linux ; Manjaro Linux ; x86_64         ;
; TimeQuest Timing Analyzer ; z170-desktop     ; Manjaro Linux ; Manjaro Linux ; x86_64         ;
+---------------------------+------------------+---------------+---------------+----------------+


------------
; Flow Log ;
------------
quartus_map --read_settings_files=on --write_settings_files=off ihex -c top
quartus_fit --read_settings_files=off --write_settings_files=off ihex -c top
quartus_asm --read_settings_files=off --write_settings_files=off ihex -c top
quartus_sta ihex -c top



